
> Node@0.0.0 start /home/ec2-user/environment/lab4
> node ./bin/www

[0mGET /getcity?q=Pr [36m304 [0m6.517 ms - -[0m
[0mGET /getcity?q=Pr [36m304 [0m1.117 ms - -[0m
[0mGET /getcity?q=Pr [36m304 [0m0.561 ms - -[0m
[0mGET / [32m200 [0m3.184 ms - 785[0m
[0mGET /main.js [32m200 [0m0.831 ms - 3097[0m
[0mGET /getcity?q= [32m200 [0m1.356 ms - 5080[0m
[0mGET /getcity?q=P [32m200 [0m0.529 ms - 304[0m
[0mGET /getcity?q=P [32m200 [0m0.418 ms - 304[0m
[0mGET /getcity?q=Pr [32m200 [0m0.369 ms - 57[0m
[0mGET /getcity?q=Prov [32m200 [0m0.440 ms - 40[0m
[0mGET /getcity?q=Prov [32m200 [0m0.328 ms - 40[0m
[0mGET /getcity?q=Provo [32m200 [0m0.429 ms - 18[0m
[0mGET /getcity [36m304 [0m0.635 ms - -[0m
[0mGET / [36m304 [0m1.169 ms - -[0m
[0mGET /main.js [36m304 [0m0.495 ms - -[0m
[0mGET /getcity?q=P [36m304 [0m0.792 ms - -[0m
[0mGET /getcity?q=P [36m304 [0m0.422 ms - -[0m
[0mGET /getcity?q=Pr [36m304 [0m0.410 ms - -[0m
[0mGET /getcity?q=Pro [36m304 [0m0.724 ms - -[0m
[0mGET /getcity?q=Prov [36m304 [0m0.381 ms - -[0m
[0mGET /getcity?q=Provo [36m304 [0m0.414 ms - -[0m
